2020-03-18 15:36:29:910	系统日志		未处理的异常：实例：[演示脚本实例1]，状态：新建MQTT服务器，信息：执行实例[演示脚本实例1]在脚本[D:\Proj\StateManager\bin\Debug\Script\demo-demo-components-using.js]错误：不存在实例对象:MQTT。

第107行2列
描述：不存在实例对象:MQTT
代码：-2146233088
来源：SMCore
内容：
2020-03-18 15:36:59:911	系统日志		未处理的异常：实例：[演示脚本实例1]，状态：新建MQTT服务器，信息：执行实例[演示脚本实例1]在脚本[D:\Proj\StateManager\bin\Debug\Script\demo-demo-components-using.js]错误：不存在实例对象:MQTT。

第107行2列
描述：不存在实例对象:MQTT
代码：-2146233088
来源：SMCore
内容：
2020-03-18 15:37:30:195	系统日志		未处理的异常：实例：[演示脚本实例1]，状态：新建MQTT服务器，信息：执行实例[演示脚本实例1]在脚本[D:\Proj\StateManager\bin\Debug\Script\demo-demo-components-using.js]错误：不存在实例对象:MQTT。

第107行2列
描述：不存在实例对象:MQTT
代码：-2146233088
来源：SMCore
内容：
2020-03-18 16:35:33:331	系统日志		未处理的异常：实例：[演示脚本实例1]，状态：新建MQTT服务器，信息：执行实例[演示脚本实例1]在脚本[D:\Proj\StateManager\bin\Debug\Script\demo-demo-components-using.js]错误：'ServerActive' 为 null 或不是对象。

第108行2列
描述：'ServerActive' 为 null 或不是对象
代码：5007
来源：Microsoft JScript 运行时错误
内容：
2020-03-18 16:36:03:348	系统日志		未处理的异常：实例：[演示脚本实例1]，状态：新建MQTT服务器，信息：执行实例[演示脚本实例1]在脚本[D:\Proj\StateManager\bin\Debug\Script\demo-demo-components-using.js]错误：'ServerActive' 为 null 或不是对象。

第108行2列
描述：'ServerActive' 为 null 或不是对象
代码：5007
来源：Microsoft JScript 运行时错误
内容：
2020-03-18 16:36:33:365	系统日志		未处理的异常：实例：[演示脚本实例1]，状态：新建MQTT服务器，信息：执行实例[演示脚本实例1]在脚本[D:\Proj\StateManager\bin\Debug\Script\demo-demo-components-using.js]错误：'ServerActive' 为 null 或不是对象。

第108行2列
描述：'ServerActive' 为 null 或不是对象
代码：5007
来源：Microsoft JScript 运行时错误
内容：
2020-03-18 16:37:03:384	系统日志		未处理的异常：实例：[演示脚本实例1]，状态：新建MQTT服务器，信息：执行实例[演示脚本实例1]在脚本[D:\Proj\StateManager\bin\Debug\Script\demo-demo-components-using.js]错误：'ServerActive' 为 null 或不是对象。

第108行2列
描述：'ServerActive' 为 null 或不是对象
代码：5007
来源：Microsoft JScript 运行时错误
内容：
2020-03-18 16:37:11:185	系统日志		未处理的异常：实例：[演示脚本实例1]，状态：新建MQTT服务器，信息：执行实例[演示脚本实例1]在脚本[D:\Proj\StateManager\bin\Debug\Script\demo-demo-components-using.js]错误：'ServerActive' 为 null 或不是对象。

第108行2列
描述：'ServerActive' 为 null 或不是对象
代码：5007
来源：Microsoft JScript 运行时错误
内容：
2020-03-18 16:37:12:991	系统日志		未处理的异常：实例：[演示脚本实例1]，状态：新建MQTT服务器，信息：执行实例[演示脚本实例1]在脚本[D:\Proj\StateManager\bin\Debug\Script\demo-demo-components-using.js]错误：'ServerActive' 为 null 或不是对象。

第108行2列
描述：'ServerActive' 为 null 或不是对象
代码：5007
来源：Microsoft JScript 运行时错误
内容：
2020-03-18 16:37:14:437	系统日志		未处理的异常：实例：[演示脚本实例1]，状态：新建MQTT服务器，信息：执行实例[演示脚本实例1]在脚本[D:\Proj\StateManager\bin\Debug\Script\demo-demo-components-using.js]错误：'ServerActive' 为 null 或不是对象。

第108行2列
描述：'ServerActive' 为 null 或不是对象
代码：5007
来源：Microsoft JScript 运行时错误
内容：
2020-03-18 16:37:21:485	系统日志		未处理的异常：实例：[演示脚本实例1]，状态：新建MQTT服务器，信息：执行实例[演示脚本实例1]在脚本[D:\Proj\StateManager\bin\Debug\Script\demo-demo-components-using.js]错误：'ServerActive' 为 null 或不是对象。

第108行2列
描述：'ServerActive' 为 null 或不是对象
代码：5007
来源：Microsoft JScript 运行时错误
内容：
2020-03-18 16:37:23:237	系统日志		未处理的异常：实例：[演示脚本实例1]，状态：新建MQTT服务器，信息：执行实例[演示脚本实例1]在脚本[D:\Proj\StateManager\bin\Debug\Script\demo-demo-components-using.js]错误：'ServerActive' 为 null 或不是对象。

第108行2列
描述：'ServerActive' 为 null 或不是对象
代码：5007
来源：Microsoft JScript 运行时错误
内容：
2020-03-18 16:37:24:879	系统日志		未处理的异常：实例：[演示脚本实例1]，状态：新建MQTT服务器，信息：执行实例[演示脚本实例1]在脚本[D:\Proj\StateManager\bin\Debug\Script\demo-demo-components-using.js]错误：'ServerActive' 为 null 或不是对象。

第108行2列
描述：'ServerActive' 为 null 或不是对象
代码：5007
来源：Microsoft JScript 运行时错误
内容：
2020-03-18 16:37:26:990	系统日志		未处理的异常：实例：[演示脚本实例1]，状态：新建MQTT服务器，信息：执行实例[演示脚本实例1]在脚本[D:\Proj\StateManager\bin\Debug\Script\demo-demo-components-using.js]错误：'ServerActive' 为 null 或不是对象。

第108行2列
描述：'ServerActive' 为 null 或不是对象
代码：5007
来源：Microsoft JScript 运行时错误
内容：
2020-03-18 16:37:31:712	系统日志		未处理的异常：实例：[演示脚本实例1]，状态：新建MQTT服务器，信息：执行实例[演示脚本实例1]在脚本[D:\Proj\StateManager\bin\Debug\Script\demo-demo-components-using.js]错误：'ServerActive' 为 null 或不是对象。

第108行2列
描述：'ServerActive' 为 null 或不是对象
代码：5007
来源：Microsoft JScript 运行时错误
内容：
2020-03-18 16:37:33:651	系统日志		未处理的异常：实例：[演示脚本实例1]，状态：新建MQTT服务器，信息：执行实例[演示脚本实例1]在脚本[D:\Proj\StateManager\bin\Debug\Script\demo-demo-components-using.js]错误：'ServerActive' 为 null 或不是对象。

第108行2列
描述：'ServerActive' 为 null 或不是对象
代码：5007
来源：Microsoft JScript 运行时错误
内容：
2020-03-18 16:37:39:270	系统日志		未处理的异常：实例：[演示脚本实例1]，状态：新建MQTT服务器，信息：执行实例[演示脚本实例1]在脚本[D:\Proj\StateManager\bin\Debug\Script\demo-demo-components-using.js]错误：'ServerActive' 为 null 或不是对象。

第108行2列
描述：'ServerActive' 为 null 或不是对象
代码：5007
来源：Microsoft JScript 运行时错误
内容：
2020-03-18 16:37:44:909	系统日志		未处理的异常：实例：[演示脚本实例1]，状态：新建MQTT服务器，信息：执行实例[演示脚本实例1]在脚本[D:\Proj\StateManager\bin\Debug\Script\demo-demo-components-using.js]错误：'ServerActive' 为 null 或不是对象。

第108行2列
描述：'ServerActive' 为 null 或不是对象
代码：5007
来源：Microsoft JScript 运行时错误
内容：
2020-03-18 16:37:47:407	系统日志		未处理的异常：实例：[演示脚本实例1]，状态：新建MQTT服务器，信息：执行实例[演示脚本实例1]在脚本[D:\Proj\StateManager\bin\Debug\Script\demo-demo-components-using.js]错误：'ServerActive' 为 null 或不是对象。

第108行2列
描述：'ServerActive' 为 null 或不是对象
代码：5007
来源：Microsoft JScript 运行时错误
内容：
2020-03-18 16:39:35:073	系统日志		未处理的异常：实例：[演示脚本实例1]，状态：新建MQTT服务器，信息：执行实例[演示脚本实例1]在脚本[D:\Proj\StateManager\bin\Debug\Script\demo-demo-components-using.js]错误：'ServerActive' 为 null 或不是对象。

第108行2列
描述：'ServerActive' 为 null 或不是对象
代码：5007
来源：Microsoft JScript 运行时错误
内容：
2020-03-18 16:41:51:010	系统日志		未处理的异常：实例：[演示脚本实例1]，状态：新建MQTT服务器，信息：执行实例[演示脚本实例1]在脚本[D:\Proj\StateManager\bin\Debug\Script\demo-demo-components-using.js]错误：'ServerActive' 为 null 或不是对象。

第108行2列
描述：'ServerActive' 为 null 或不是对象
代码：5007
来源：Microsoft JScript 运行时错误
内容：
2020-03-18 16:42:21:044	系统日志		未处理的异常：实例：[演示脚本实例1]，状态：新建MQTT服务器，信息：执行实例[演示脚本实例1]在脚本[D:\Proj\StateManager\bin\Debug\Script\demo-demo-components-using.js]错误：'ServerActive' 为 null 或不是对象。

第108行2列
描述：'ServerActive' 为 null 或不是对象
代码：5007
来源：Microsoft JScript 运行时错误
内容：
2020-03-18 16:42:51:059	系统日志		未处理的异常：实例：[演示脚本实例1]，状态：新建MQTT服务器，信息：执行实例[演示脚本实例1]在脚本[D:\Proj\StateManager\bin\Debug\Script\demo-demo-components-using.js]错误：'ServerActive' 为 null 或不是对象。

第108行2列
描述：'ServerActive' 为 null 或不是对象
代码：5007
来源：Microsoft JScript 运行时错误
内容：
2020-03-18 16:43:21:075	系统日志		未处理的异常：实例：[演示脚本实例1]，状态：新建MQTT服务器，信息：执行实例[演示脚本实例1]在脚本[D:\Proj\StateManager\bin\Debug\Script\demo-demo-components-using.js]错误：'ServerActive' 为 null 或不是对象。

第108行2列
描述：'ServerActive' 为 null 或不是对象
代码：5007
来源：Microsoft JScript 运行时错误
内容：
2020-03-18 16:43:51:090	系统日志		未处理的异常：实例：[演示脚本实例1]，状态：新建MQTT服务器，信息：执行实例[演示脚本实例1]在脚本[D:\Proj\StateManager\bin\Debug\Script\demo-demo-components-using.js]错误：'ServerActive' 为 null 或不是对象。

第108行2列
描述：'ServerActive' 为 null 或不是对象
代码：5007
来源：Microsoft JScript 运行时错误
内容：
2020-03-18 16:44:21:107	系统日志		未处理的异常：实例：[演示脚本实例1]，状态：新建MQTT服务器，信息：执行实例[演示脚本实例1]在脚本[D:\Proj\StateManager\bin\Debug\Script\demo-demo-components-using.js]错误：'ServerActive' 为 null 或不是对象。

第108行2列
描述：'ServerActive' 为 null 或不是对象
代码：5007
来源：Microsoft JScript 运行时错误
内容：
2020-03-18 16:49:45:856	系统日志		未处理的异常：实例：[演示脚本实例1]，状态：新建MQTT服务器，信息：执行实例[演示脚本实例1]在脚本[D:\Proj\StateManager\bin\Debug\Script\demo-demo-components-using.js]错误：'ServerActive' 为 null 或不是对象。

第108行2列
描述：'ServerActive' 为 null 或不是对象
代码：5007
来源：Microsoft JScript 运行时错误
内容：
2020-03-18 16:50:15:873	系统日志		未处理的异常：实例：[演示脚本实例1]，状态：新建MQTT服务器，信息：执行实例[演示脚本实例1]在脚本[D:\Proj\StateManager\bin\Debug\Script\demo-demo-components-using.js]错误：'ServerActive' 为 null 或不是对象。

第108行2列
描述：'ServerActive' 为 null 或不是对象
代码：5007
来源：Microsoft JScript 运行时错误
内容：
2020-03-18 16:50:40:873	系统日志		未处理的异常：实例：[演示脚本实例1]，状态：新建MQTT服务器，信息：执行实例[演示脚本实例1]在脚本[D:\Proj\StateManager\bin\Debug\Script\demo-demo-components-using.js]错误：'ServerPort' 为 null 或不是对象。

第108行2列
描述：'ServerPort' 为 null 或不是对象
代码：5007
来源：Microsoft JScript 运行时错误
内容：
2020-03-18 16:50:43:291	系统日志		未处理的异常：实例：[演示脚本实例1]，状态：新建MQTT服务器，信息：执行实例[演示脚本实例1]在脚本[D:\Proj\StateManager\bin\Debug\Script\demo-demo-components-using.js]错误：'ServerPort' 为 null 或不是对象。

第108行2列
描述：'ServerPort' 为 null 或不是对象
代码：5007
来源：Microsoft JScript 运行时错误
内容：
2020-03-18 16:50:44:901	系统日志		未处理的异常：实例：[演示脚本实例1]，状态：新建MQTT服务器，信息：执行实例[演示脚本实例1]在脚本[D:\Proj\StateManager\bin\Debug\Script\demo-demo-components-using.js]错误：'ServerPort' 为 null 或不是对象。

第108行2列
描述：'ServerPort' 为 null 或不是对象
代码：5007
来源：Microsoft JScript 运行时错误
内容：
2020-03-18 16:51:14:919	系统日志		未处理的异常：实例：[演示脚本实例1]，状态：新建MQTT服务器，信息：执行实例[演示脚本实例1]在脚本[D:\Proj\StateManager\bin\Debug\Script\demo-demo-components-using.js]错误：'ServerPort' 为 null 或不是对象。

第108行2列
描述：'ServerPort' 为 null 或不是对象
代码：5007
来源：Microsoft JScript 运行时错误
内容：
2020-03-18 16:51:44:938	系统日志		未处理的异常：实例：[演示脚本实例1]，状态：新建MQTT服务器，信息：执行实例[演示脚本实例1]在脚本[D:\Proj\StateManager\bin\Debug\Script\demo-demo-components-using.js]错误：'ServerPort' 为 null 或不是对象。

第108行2列
描述：'ServerPort' 为 null 或不是对象
代码：5007
来源：Microsoft JScript 运行时错误
内容：
2020-03-18 16:52:14:956	系统日志		未处理的异常：实例：[演示脚本实例1]，状态：新建MQTT服务器，信息：执行实例[演示脚本实例1]在脚本[D:\Proj\StateManager\bin\Debug\Script\demo-demo-components-using.js]错误：'ServerPort' 为 null 或不是对象。

第108行2列
描述：'ServerPort' 为 null 或不是对象
代码：5007
来源：Microsoft JScript 运行时错误
内容：
2020-03-18 16:52:44:973	系统日志		未处理的异常：实例：[演示脚本实例1]，状态：新建MQTT服务器，信息：执行实例[演示脚本实例1]在脚本[D:\Proj\StateManager\bin\Debug\Script\demo-demo-components-using.js]错误：'ServerPort' 为 null 或不是对象。

第108行2列
描述：'ServerPort' 为 null 或不是对象
代码：5007
来源：Microsoft JScript 运行时错误
内容：
2020-03-18 16:53:11:300	系统日志		未处理的异常：实例：[演示脚本实例1]，状态：新建MQTT服务器，信息：执行实例[演示脚本实例1]在脚本[D:\Proj\StateManager\bin\Debug\Script\demo-demo-components-using.js]错误：不存在实例对象:MQTT1。

第107行2列
描述：不存在实例对象:MQTT1
代码：-2146233088
来源：SMCore
内容：
2020-03-18 16:53:13:554	系统日志		未处理的异常：实例：[演示脚本实例1]，状态：新建MQTT服务器，信息：执行实例[演示脚本实例1]在脚本[D:\Proj\StateManager\bin\Debug\Script\demo-demo-components-using.js]错误：不存在实例对象:MQTT1。

第107行2列
描述：不存在实例对象:MQTT1
代码：-2146233088
来源：SMCore
内容：
2020-03-18 16:53:25:167	系统日志		未处理的异常：实例：[演示脚本实例1]，状态：新建MQTT服务器，信息：执行实例[演示脚本实例1]在脚本[D:\Proj\StateManager\bin\Debug\Script\demo-demo-components-using.js]错误：'ServerPort' 为 null 或不是对象。

第108行2列
描述：'ServerPort' 为 null 或不是对象
代码：5007
来源：Microsoft JScript 运行时错误
内容：
2020-03-18 16:53:33:288	系统日志		未处理的异常：实例：[演示脚本实例1]，状态：新建MQTT服务器，信息：执行实例[演示脚本实例1]在脚本[D:\Proj\StateManager\bin\Debug\Script\demo-demo-components-using.js]错误：'ServerPorta' 为 null 或不是对象。

第108行2列
描述：'ServerPorta' 为 null 或不是对象
代码：5007
来源：Microsoft JScript 运行时错误
内容：
2020-03-18 16:53:42:851	系统日志		未处理的异常：实例：[演示脚本实例1]，状态：新建MQTT服务器，信息：执行实例[演示脚本实例1]在脚本[D:\Proj\StateManager\bin\Debug\Script\demo-demo-components-using.js]错误：'ServerPort' 为 null 或不是对象。

第108行2列
描述：'ServerPort' 为 null 或不是对象
代码：5007
来源：Microsoft JScript 运行时错误
内容：
2020-03-18 16:54:12:869	系统日志		未处理的异常：实例：[演示脚本实例1]，状态：新建MQTT服务器，信息：执行实例[演示脚本实例1]在脚本[D:\Proj\StateManager\bin\Debug\Script\demo-demo-components-using.js]错误：'ServerPort' 为 null 或不是对象。

第108行2列
描述：'ServerPort' 为 null 或不是对象
代码：5007
来源：Microsoft JScript 运行时错误
内容：
2020-03-18 16:54:14:689	系统日志		未处理的异常：实例：[演示脚本实例1]，状态：新建MQTT服务器，信息：执行实例[演示脚本实例1]在脚本[D:\Proj\StateManager\bin\Debug\Script\demo-demo-components-using.js]错误：'ServerPort' 为 null 或不是对象。

第108行2列
描述：'ServerPort' 为 null 或不是对象
代码：5007
来源：Microsoft JScript 运行时错误
内容：
